0 info it worked if it ends with ok
1 verbose cli [ 'node',
1 verbose cli   '/usr/local/bin/npm',
1 verbose cli   'install',
1 verbose cli   'gulp-concat',
1 verbose cli   '--',
1 verbose cli   'save-dev' ]
2 info using npm@2.12.1
3 info using node@v0.12.7
4 verbose node symlink /usr/local/bin/node
5 verbose install initial load of /Users/instructor/Documents/creative-circus/frameworks/week3/package.json
6 warn package.json week3@1.0.0 No repository field.
7 warn package.json week3@1.0.0 No README data
8 verbose installManyTop reading scoped package data from /Users/instructor/Documents/creative-circus/frameworks/week3/node_modules/browser-sync/package.json
9 verbose installManyTop reading scoped package data from /Users/instructor/Documents/creative-circus/frameworks/week3/node_modules/gulp/package.json
10 verbose installManyTop reading scoped package data from /Users/instructor/Documents/creative-circus/frameworks/week3/node_modules/gulp-concat/package.json
11 verbose installManyTop reading scoped package data from /Users/instructor/Documents/creative-circus/frameworks/week3/node_modules/gulp-sass/package.json
12 verbose readDependencies loading dependencies from /Users/instructor/Documents/creative-circus/frameworks/week3/package.json
13 verbose install gulp-concat is installed as 2.6.0
14 silly cache add args [ 'gulp-concat', null ]
15 verbose cache add spec gulp-concat
16 silly cache add args [ 'save-dev', null ]
17 verbose cache add spec save-dev
18 silly cache add parsed spec { raw: 'gulp-concat',
18 silly cache add   scope: null,
18 silly cache add   name: 'gulp-concat',
18 silly cache add   rawSpec: '',
18 silly cache add   spec: '*',
18 silly cache add   type: 'range' }
19 silly addNamed gulp-concat@*
20 verbose addNamed "*" is a valid semver range for gulp-concat
21 silly addNameRange { name: 'gulp-concat', range: '*', hasData: false }
22 silly mapToRegistry name gulp-concat
23 silly mapToRegistry using default registry
24 silly mapToRegistry registry https://registry.npmjs.org/
25 silly mapToRegistry uri https://registry.npmjs.org/gulp-concat
26 verbose addNameRange registry:https://registry.npmjs.org/gulp-concat not in flight; fetching
27 silly cache add parsed spec { raw: 'save-dev',
27 silly cache add   scope: null,
27 silly cache add   name: 'save-dev',
27 silly cache add   rawSpec: '',
27 silly cache add   spec: '*',
27 silly cache add   type: 'range' }
28 silly addNamed save-dev@*
29 verbose addNamed "*" is a valid semver range for save-dev
30 silly addNameRange { name: 'save-dev', range: '*', hasData: false }
31 silly mapToRegistry name save-dev
32 silly mapToRegistry using default registry
33 silly mapToRegistry registry https://registry.npmjs.org/
34 silly mapToRegistry uri https://registry.npmjs.org/save-dev
35 verbose addNameRange registry:https://registry.npmjs.org/save-dev not in flight; fetching
36 verbose request uri https://registry.npmjs.org/save-dev
37 verbose request no auth needed
38 info attempt registry request try #1 at 21:11:42
39 verbose request id aa219aafc615b1e8
40 http request GET https://registry.npmjs.org/save-dev
41 verbose request uri https://registry.npmjs.org/gulp-concat
42 verbose request no auth needed
43 info attempt registry request try #1 at 21:11:42
44 verbose etag "WUS4BTEJO5SHI7VVEKUURROA"
45 http request GET https://registry.npmjs.org/gulp-concat
46 http 304 https://registry.npmjs.org/gulp-concat
47 silly get cb [ 304,
47 silly get   { date: 'Fri, 24 Jul 2015 01:11:42 GMT',
47 silly get     via: '1.1 varnish',
47 silly get     'cache-control': 'max-age=60',
47 silly get     etag: '"WUS4BTEJO5SHI7VVEKUURROA"',
47 silly get     age: '8',
47 silly get     connection: 'keep-alive',
47 silly get     'x-served-by': 'cache-jfk1021-JFK',
47 silly get     'x-cache': 'HIT',
47 silly get     'x-cache-hits': '1',
47 silly get     'x-timer': 'S1437700302.670697,VS0,VE0',
47 silly get     vary: 'Accept' } ]
48 verbose etag https://registry.npmjs.org/gulp-concat from cache
49 verbose get saving gulp-concat to /Users/instructor/.npm/registry.npmjs.org/gulp-concat/.cache.json
50 silly addNameRange number 2 { name: 'gulp-concat', range: '*', hasData: true }
51 silly addNameRange versions [ 'gulp-concat',
51 silly addNameRange   [ '0.0.1',
51 silly addNameRange     '1.0.0',
51 silly addNameRange     '1.1.0',
51 silly addNameRange     '2.0.0',
51 silly addNameRange     '2.1.0',
51 silly addNameRange     '2.1.1',
51 silly addNameRange     '2.1.2',
51 silly addNameRange     '2.1.3',
51 silly addNameRange     '2.1.4',
51 silly addNameRange     '2.1.5',
51 silly addNameRange     '2.1.6',
51 silly addNameRange     '2.1.7',
51 silly addNameRange     '2.2.0',
51 silly addNameRange     '2.3.0',
51 silly addNameRange     '2.3.3',
51 silly addNameRange     '2.3.4',
51 silly addNameRange     '2.3.5',
51 silly addNameRange     '2.4.0',
51 silly addNameRange     '2.4.1',
51 silly addNameRange     '2.4.2',
51 silly addNameRange     '2.4.3',
51 silly addNameRange     '2.5.0',
51 silly addNameRange     '2.5.1',
51 silly addNameRange     '2.5.2',
51 silly addNameRange     '2.6.0' ] ]
52 silly addNamed gulp-concat@2.6.0
53 verbose addNamed "2.6.0" is a plain semver version for gulp-concat
54 silly cache afterAdd gulp-concat@2.6.0
55 verbose afterAdd /Users/instructor/.npm/gulp-concat/2.6.0/package/package.json not in flight; writing
56 verbose afterAdd /Users/instructor/.npm/gulp-concat/2.6.0/package/package.json written
57 http 404 https://registry.npmjs.org/save-dev
58 verbose headers { server: 'CouchDB/1.5.0 (Erlang OTP/R16B03)',
58 verbose headers   'content-type': 'application/json',
58 verbose headers   'cache-control': 'max-age=0',
58 verbose headers   'content-length': '51',
58 verbose headers   'accept-ranges': 'bytes',
58 verbose headers   date: 'Fri, 24 Jul 2015 01:11:42 GMT',
58 verbose headers   via: '1.1 varnish',
58 verbose headers   age: '0',
58 verbose headers   connection: 'keep-alive',
58 verbose headers   'x-served-by': 'cache-jfk1027-JFK',
58 verbose headers   'x-cache': 'MISS',
58 verbose headers   'x-cache-hits': '0',
58 verbose headers   'x-timer': 'S1437700302.673492,VS0,VE22' }
59 silly get cb [ 404,
59 silly get   { server: 'CouchDB/1.5.0 (Erlang OTP/R16B03)',
59 silly get     'content-type': 'application/json',
59 silly get     'cache-control': 'max-age=0',
59 silly get     'content-length': '51',
59 silly get     'accept-ranges': 'bytes',
59 silly get     date: 'Fri, 24 Jul 2015 01:11:42 GMT',
59 silly get     via: '1.1 varnish',
59 silly get     age: '0',
59 silly get     connection: 'keep-alive',
59 silly get     'x-served-by': 'cache-jfk1027-JFK',
59 silly get     'x-cache': 'MISS',
59 silly get     'x-cache-hits': '0',
59 silly get     'x-timer': 'S1437700302.673492,VS0,VE22' } ]
60 verbose stack Error: 404 Not Found: save-dev
60 verbose stack     at CachingRegistryClient.<anonymous> (/usr/local/lib/node_modules/npm/node_modules/npm-registry-client/lib/request.js:245:14)
60 verbose stack     at Request._callback (/usr/local/lib/node_modules/npm/node_modules/npm-registry-client/lib/request.js:170:14)
60 verbose stack     at Request.self.callback (/usr/local/lib/node_modules/npm/node_modules/request/request.js:197:22)
60 verbose stack     at Request.emit (events.js:110:17)
60 verbose stack     at Request.<anonymous> (/usr/local/lib/node_modules/npm/node_modules/request/request.js:1050:14)
60 verbose stack     at Request.emit (events.js:129:20)
60 verbose stack     at IncomingMessage.<anonymous> (/usr/local/lib/node_modules/npm/node_modules/request/request.js:996:12)
60 verbose stack     at IncomingMessage.emit (events.js:129:20)
60 verbose stack     at _stream_readable.js:908:16
60 verbose stack     at process._tickCallback (node.js:355:11)
61 verbose statusCode 404
62 verbose pkgid save-dev
63 verbose cwd /Users/instructor/Documents/creative-circus/frameworks/week3
64 error Darwin 14.0.0
65 error argv "node" "/usr/local/bin/npm" "install" "gulp-concat" "--" "save-dev"
66 error node v0.12.7
67 error npm  v2.12.1
68 error code E404
69 error 404 Not Found: save-dev
69 error 404
69 error 404 'save-dev' is not in the npm registry.
69 error 404 You should bug the author to publish it (or use the name yourself!)
69 error 404 It was specified as a dependency of 'week3'
69 error 404
69 error 404 Note that you can also install from a
69 error 404 tarball, folder, http url, or git url.
70 verbose exit [ 1, true ]
